# JRE version: Java(TM) SE Runtime Environment (8.0_321-b07) (build 1.8.0_321-b07)
# Java VM: Java HotSpot(TM) 64-Bit Server VM (25.321-b07 mixed mode windows-amd64 compressed oops)
Heap:
 PSYoungGen      total 268800K, used 6387K [0x00000000eab00000, 0x00000000fbc00000, 0x0000000100000000)
  eden space 258048K, 2% used [0x00000000eab00000,0x00000000eb13cd90,0x00000000fa700000)
  from space 10752K, 0% used [0x00000000fb180000,0x00000000fb180000,0x00000000fbc00000)
  to   space 10752K, 0% used [0x00000000fa700000,0x00000000fa700000,0x00000000fb180000)
 ParOldGen       total 172032K, used 72553K [0x00000000c0000000, 0x00000000ca800000, 0x00000000eab00000)
  object space 172032K, 42% used [0x00000000c0000000,0x00000000c46da650,0x00000000ca800000)
 Metaspace       used 13464K, capacity 14110K, committed 14336K, reserved 1060864K
  class space    used 2050K, capacity 2214K, committed 2304K, reserved 1048576K
GC Heap History (10 events):
Event: 3.840 GC heap before
{Heap before GC invocations=21 (full 9):
 PSYoungGen      total 268800K, used 10720K [0x00000000eab00000, 0x00000000fbc00000, 0x0000000100000000)
  eden space 258048K, 0% used [0x00000000eab00000,0x00000000eab00000,0x00000000fa700000)
  from space 10752K, 99% used [0x00000000fb180000,0x00000000fbbf8038,0x00000000fbc00000)
  to   space 10752K, 0% used [0x00000000fa700000,0x00000000fa700000,0x00000000fb180000)
 ParOldGen       total 172032K, used 49150K [0x00000000c0000000, 0x00000000ca800000, 0x00000000eab00000)
  object space 172032K, 28% used [0x00000000c0000000,0x00000000c2fff998,0x00000000ca800000)
 Metaspace       used 13264K, capacity 13856K, committed 14080K, reserved 1060864K
  class space    used 2032K, capacity 2177K, committed 2304K, reserved 1048576K
Event: 3.993 GC heap after
Heap after GC invocations=21 (full 9):
 PSYoungGen      total 268800K, used 0K [0x00000000eab00000, 0x00000000fbc00000, 0x0000000100000000)
  eden space 258048K, 0% used [0x00000000eab00000,0x00000000eab00000,0x00000000fa700000)
  from space 10752K, 0% used [0x00000000fb180000,0x00000000fb180000,0x00000000fbc00000)
  to   space 10752K, 0% used [0x00000000fa700000,0x00000000fa700000,0x00000000fb180000)
 ParOldGen       total 172032K, used 57834K [0x00000000c0000000, 0x00000000ca800000, 0x00000000eab00000)
  object space 172032K, 33% used [0x00000000c0000000,0x00000000c387a910,0x00000000ca800000)
 Metaspace       used 13264K, capacity 13856K, committed 14080K, reserved 1060864K
  class space    used 2032K, capacity 2177K, committed 2304K, reserved 1048576K
}
Event: 4.096 GC heap before
{Heap before GC invocations=22 (full 9):
 PSYoungGen      total 268800K, used 131134K [0x00000000eab00000, 0x00000000fbc00000, 0x0000000100000000)
  eden space 258048K, 50% used [0x00000000eab00000,0x00000000f2b0f9d8,0x00000000fa700000)
  from space 10752K, 0% used [0x00000000fb180000,0x00000000fb180000,0x00000000fbc00000)
  to   space 10752K, 0% used [0x00000000fa700000,0x00000000fa700000,0x00000000fb180000)
 ParOldGen       total 172032K, used 57834K [0x00000000c0000000, 0x00000000ca800000, 0x00000000eab00000)
  object space 172032K, 33% used [0x00000000c0000000,0x00000000c387a910,0x00000000ca800000)
 Metaspace       used 13264K, capacity 13856K, committed 14080K, reserved 1060864K
  class space    used 2032K, capacity 2177K, committed 2304K, reserved 1048576K
Event: 4.106 GC heap after
Heap after GC invocations=22 (full 9):
 PSYoungGen      total 268800K, used 10752K [0x00000000eab00000, 0x00000000fbc00000, 0x0000000100000000)
  eden space 258048K, 0% used [0x00000000eab00000,0x00000000eab00000,0x00000000fa700000)
  from space 10752K, 100% used [0x00000000fa700000,0x00000000fb180000,0x00000000fb180000)
  to   space 10752K, 0% used [0x00000000fb180000,0x00000000fb180000,0x00000000fbc00000)
 ParOldGen       total 172032K, used 62226K [0x00000000c0000000, 0x00000000ca800000, 0x00000000eab00000)
  object space 172032K, 36% used [0x00000000c0000000,0x00000000c3cc4910,0x00000000ca800000)
 Metaspace       used 13264K, capacity 13856K, committed 14080K, reserved 1060864K
  class space    used 2032K, capacity 2177K, committed 2304K, reserved 1048576K
}
Event: 4.107 GC heap before
{Heap before GC invocations=23 (full 10):
 PSYoungGen      total 268800K, used 10752K [0x00000000eab00000, 0x00000000fbc00000, 0x0000000100000000)
  eden space 258048K, 0% used [0x00000000eab00000,0x00000000eab00000,0x00000000fa700000)
  from space 10752K, 100% used [0x00000000fa700000,0x00000000fb180000,0x00000000fb180000)
  to   space 10752K, 0% used [0x00000000fb180000,0x00000000fb180000,0x00000000fbc00000)
 ParOldGen       total 172032K, used 62226K [0x00000000c0000000, 0x00000000ca800000, 0x00000000eab00000)
  object space 172032K, 36% used [0x00000000c0000000,0x00000000c3cc4910,0x00000000ca800000)
 Metaspace       used 13264K, capacity 13856K, committed 14080K, reserved 1060864K
  class space    used 2032K, capacity 2177K, committed 2304K, reserved 1048576K
Event: 4.306 GC heap after
Heap after GC invocations=23 (full 10):
 PSYoungGen      total 268800K, used 0K [0x00000000eab00000, 0x00000000fbc00000, 0x0000000100000000)
  eden space 258048K, 0% used [0x00000000eab00000,0x00000000eab00000,0x00000000fa700000)
  from space 10752K, 0% used [0x00000000fa700000,0x00000000fa700000,0x00000000fb180000)
  to   space 10752K, 0% used [0x00000000fb180000,0x00000000fb180000,0x00000000fbc00000)
 ParOldGen       total 172032K, used 68694K [0x00000000c0000000, 0x00000000ca800000, 0x00000000eab00000)
  object space 172032K, 39% used [0x00000000c0000000,0x00000000c4315808,0x00000000ca800000)
 Metaspace       used 13264K, capacity 13856K, committed 14080K, reserved 1060864K
  class space    used 2032K, capacity 2177K, committed 2304K, reserved 1048576K
}
Event: 4.401 GC heap before
{Heap before GC invocations=24 (full 10):
 PSYoungGen      total 268800K, used 90256K [0x00000000eab00000, 0x00000000fbc00000, 0x0000000100000000)
  eden space 258048K, 34% used [0x00000000eab00000,0x00000000f0324288,0x00000000fa700000)
  from space 10752K, 0% used [0x00000000fa700000,0x00000000fa700000,0x00000000fb180000)
  to   space 10752K, 0% used [0x00000000fb180000,0x00000000fb180000,0x00000000fbc00000)
 ParOldGen       total 172032K, used 68694K [0x00000000c0000000, 0x00000000ca800000, 0x00000000eab00000)
  object space 172032K, 39% used [0x00000000c0000000,0x00000000c4315808,0x00000000ca800000)
 Metaspace       used 13355K, capacity 13926K, committed 14080K, reserved 1060864K
  class space    used 2034K, capacity 2178K, committed 2304K, reserved 1048576K
Event: 4.409 GC heap after
Heap after GC invocations=24 (full 10):
 PSYoungGen      total 268800K, used 9675K [0x00000000eab00000, 0x00000000fbc00000, 0x0000000100000000)
  eden space 258048K, 0% used [0x00000000eab00000,0x00000000eab00000,0x00000000fa700000)
  from space 10752K, 89% used [0x00000000fb180000,0x00000000fbaf2cc0,0x00000000fbc00000)
  to   space 10752K, 0% used [0x00000000fa700000,0x00000000fa700000,0x00000000fb180000)
 ParOldGen       total 172032K, used 68694K [0x00000000c0000000, 0x00000000ca800000, 0x00000000eab00000)
  object space 172032K, 39% used [0x00000000c0000000,0x00000000c4315808,0x00000000ca800000)
 Metaspace       used 13355K, capacity 13926K, committed 14080K, reserved 1060864K
  class space    used 2034K, capacity 2178K, committed 2304K, reserved 1048576K
}
Event: 4.409 GC heap before
{Heap before GC invocations=25 (full 11):
 PSYoungGen      total 268800K, used 9675K [0x00000000eab00000, 0x00000000fbc00000, 0x0000000100000000)
  eden space 258048K, 0% used [0x00000000eab00000,0x00000000eab00000,0x00000000fa700000)
  from space 10752K, 89% used [0x00000000fb180000,0x00000000fbaf2cc0,0x00000000fbc00000)
  to   space 10752K, 0% used [0x00000000fa700000,0x00000000fa700000,0x00000000fb180000)
 ParOldGen       total 172032K, used 68694K [0x00000000c0000000, 0x00000000ca800000, 0x00000000eab00000)
  object space 172032K, 39% used [0x00000000c0000000,0x00000000c4315808,0x00000000ca800000)
 Metaspace       used 13355K, capacity 13926K, committed 14080K, reserved 1060864K
  class space    used 2034K, capacity 2178K, committed 2304K, reserved 1048576K
Event: 4.586 GC heap after
Heap after GC invocations=25 (full 11):
 PSYoungGen      total 268800K, used 0K [0x00000000eab00000, 0x00000000fbc00000, 0x0000000100000000)
  eden space 258048K, 0% used [0x00000000eab00000,0x00000000eab00000,0x00000000fa700000)
  from space 10752K, 0% used [0x00000000fb180000,0x00000000fb180000,0x00000000fbc00000)
  to   space 10752K, 0% used [0x00000000fa700000,0x00000000fa700000,0x00000000fb180000)
 ParOldGen       total 172032K, used 72553K [0x00000000c0000000, 0x00000000ca800000, 0x00000000eab00000)
  object space 172032K, 42% used [0x00000000c0000000,0x00000000c46da650,0x00000000ca800000)
 Metaspace       used 13355K, capacity 13926K, committed 14080K, reserved 1060864K
  class space    used 2034K, capacity 2178K, committed 2304K, reserved 1048576K
}

